0 info it worked if it ends with ok
1 verbose cli [ 'H:\\software\\Node\\node.exe',
1 verbose cli   'H:\\software\\Node\\node_modules\\npm\\bin\\npm-cli.js',
1 verbose cli   'start' ]
2 info using npm@3.10.9
3 info using node@v6.9.2
4 verbose run-script [ 'prestart', 'start', 'poststart' ]
5 info lifecycle sso@0.1.0~prestart: sso@0.1.0
6 silly lifecycle sso@0.1.0~prestart: no script for prestart, continuing
7 info lifecycle sso@0.1.0~start: sso@0.1.0
8 verbose lifecycle sso@0.1.0~start: unsafe-perm in lifecycle true
9 verbose lifecycle sso@0.1.0~start: PATH: H:\software\Node\node_modules\npm\bin\node-gyp-bin;H:\Demos\NodeDemo\11 Koa\09\node_modules\.bin;C:\Windows\system32;C:\Windows;C:\Windows\System32\Wbem;C:\Windows\System32\WindowsPowerShell\v1.0\;H:\software\Git\cmd;H:\software\Node\;C:\Program Files (x86)\NVIDIA Corporation\PhysX\Common;C:\Users\foreverz\AppData\Local\Microsoft\WindowsApps;C:\Users\foreverz\AppData\Roaming\npm;H:\software\jdk\bin;H:\software\jdk\jre\bin;H:\software\Microsoft VS Code\bin
10 verbose lifecycle sso@0.1.0~start: CWD: H:\Demos\NodeDemo\11 Koa\09
11 silly lifecycle sso@0.1.0~start: Args: [ '/d /s /c', 'nodemon bin/run' ]
12 silly lifecycle sso@0.1.0~start: Returned: code: 3221225786  signal: null
13 info lifecycle sso@0.1.0~start: Failed to exec start script
14 verbose stack Error: sso@0.1.0 start: `nodemon bin/run`
14 verbose stack Exit status 3221225786
14 verbose stack     at EventEmitter.<anonymous> (H:\software\Node\node_modules\npm\lib\utils\lifecycle.js:255:16)
14 verbose stack     at emitTwo (events.js:106:13)
14 verbose stack     at EventEmitter.emit (events.js:191:7)
14 verbose stack     at ChildProcess.<anonymous> (H:\software\Node\node_modules\npm\lib\utils\spawn.js:40:14)
14 verbose stack     at emitTwo (events.js:106:13)
14 verbose stack     at ChildProcess.emit (events.js:191:7)
14 verbose stack     at maybeClose (internal/child_process.js:877:16)
14 verbose stack     at Process.ChildProcess._handle.onexit (internal/child_process.js:226:5)
15 verbose pkgid sso@0.1.0
16 verbose cwd H:\Demos\NodeDemo\11 Koa\09
17 error Windows_NT 10.0.14393
18 error argv "H:\\software\\Node\\node.exe" "H:\\software\\Node\\node_modules\\npm\\bin\\npm-cli.js" "start"
19 error node v6.9.2
20 error npm  v3.10.9
21 error code ELIFECYCLE
22 error sso@0.1.0 start: `nodemon bin/run`
22 error Exit status 3221225786
23 error Failed at the sso@0.1.0 start script 'nodemon bin/run'.
23 error Make sure you have the latest version of node.js and npm installed.
23 error If you do, this is most likely a problem with the sso package,
23 error not with npm itself.
23 error Tell the author that this fails on your system:
23 error     nodemon bin/run
23 error You can get information on how to open an issue for this project with:
23 error     npm bugs sso
23 error Or if that isn't available, you can get their info via:
23 error     npm owner ls sso
23 error There is likely additional logging output above.
24 verbose exit [ 1, true ]
