0 info it worked if it ends with ok
1 verbose cli [ 'D:\\Node\\node.exe',
1 verbose cli   'D:\\Node\\node_modules\\npm\\bin\\npm-cli.js',
1 verbose cli   'start' ]
2 info using npm@3.10.10
3 info using node@v7.2.1
4 verbose run-script [ 'prestart', 'start', 'poststart' ]
5 info lifecycle easyblog@0.0.1~prestart: easyblog@0.0.1
6 silly lifecycle easyblog@0.0.1~prestart: no script for prestart, continuing
7 info lifecycle easyblog@0.0.1~start: easyblog@0.0.1
8 verbose lifecycle easyblog@0.0.1~start: unsafe-perm in lifecycle true
9 verbose lifecycle easyblog@0.0.1~start: PATH: D:\Node\node_modules\npm\bin\node-gyp-bin;E:\NodeDemo\Blog\node_modules\.bin;C:\ProgramData\Oracle\Java\javapath;C:\WINDOWS\system32;C:\WINDOWS;C:\WINDOWS\System32\Wbem;C:\WINDOWS\System32\WindowsPowerShell\v1.0\;D:\Git\cmd;D:\Node\;D:\Redis\;D:\JDK\bin;D:\JDK\jre\bin;C:\Program Files\ConEmu;D:\nginx-1.11.6;C:\Users\hzzmy\AppData\Roaming\npm;D:\Microsoft VS Code\bin;C:\Program Files\MongoDB\Server\3.4\bin
10 verbose lifecycle easyblog@0.0.1~start: CWD: E:\NodeDemo\Blog
11 silly lifecycle easyblog@0.0.1~start: Args: [ '/d /s /c', 'node start' ]
12 silly lifecycle easyblog@0.0.1~start: Returned: code: 1  signal: null
13 info lifecycle easyblog@0.0.1~start: Failed to exec start script
14 verbose stack Error: easyblog@0.0.1 start: `node start`
14 verbose stack Exit status 1
14 verbose stack     at EventEmitter.<anonymous> (D:\Node\node_modules\npm\lib\utils\lifecycle.js:255:16)
14 verbose stack     at emitTwo (events.js:106:13)
14 verbose stack     at EventEmitter.emit (events.js:191:7)
14 verbose stack     at ChildProcess.<anonymous> (D:\Node\node_modules\npm\lib\utils\spawn.js:40:14)
14 verbose stack     at emitTwo (events.js:106:13)
14 verbose stack     at ChildProcess.emit (events.js:191:7)
14 verbose stack     at maybeClose (internal/child_process.js:885:16)
14 verbose stack     at Process.ChildProcess._handle.onexit (internal/child_process.js:226:5)
15 verbose pkgid easyblog@0.0.1
16 verbose cwd E:\NodeDemo\Blog
17 error Windows_NT 10.0.10240
18 error argv "D:\\Node\\node.exe" "D:\\Node\\node_modules\\npm\\bin\\npm-cli.js" "start"
19 error node v7.2.1
20 error npm  v3.10.10
21 error code ELIFECYCLE
22 error easyblog@0.0.1 start: `node start`
22 error Exit status 1
23 error Failed at the easyblog@0.0.1 start script 'node start'.
23 error Make sure you have the latest version of node.js and npm installed.
23 error If you do, this is most likely a problem with the easyblog package,
23 error not with npm itself.
23 error Tell the author that this fails on your system:
23 error     node start
23 error You can get information on how to open an issue for this project with:
23 error     npm bugs easyblog
23 error Or if that isn't available, you can get their info via:
23 error     npm owner ls easyblog
23 error There is likely additional logging output above.
24 verbose exit [ 1, true ]
