0 info it worked if it ends with ok
1 verbose cli [ 'D:\\Node\\node.exe',
1 verbose cli   'D:\\Node\\node_modules\\npm\\bin\\npm-cli.js',
1 verbose cli   'i',
1 verbose cli   '-S',
1 verbose cli   'koa-router@next' ]
2 info using npm@3.10.8
3 info using node@v6.9.1
4 silly loadCurrentTree Starting
5 silly install loadCurrentTree
6 silly install readLocalPackageData
7 silly fetchPackageMetaData koa-router@next
8 silly fetchNamedPackageData koa-router
9 silly mapToRegistry name koa-router
10 silly mapToRegistry using default registry
11 silly mapToRegistry registry https://registry.npmjs.org/
12 silly mapToRegistry data Result {
12 silly mapToRegistry   raw: 'koa-router',
12 silly mapToRegistry   scope: null,
12 silly mapToRegistry   escapedName: 'koa-router',
12 silly mapToRegistry   name: 'koa-router',
12 silly mapToRegistry   rawSpec: '',
12 silly mapToRegistry   spec: 'latest',
12 silly mapToRegistry   type: 'tag' }
13 silly mapToRegistry uri https://registry.npmjs.org/koa-router
14 verbose request uri https://registry.npmjs.org/koa-router
15 verbose request no auth needed
16 info attempt registry request try #1 at 14:04:20
17 verbose request id d7e8fa3fe3a23022
18 verbose etag W/"58539309-187ef"
19 verbose lastModified Fri, 16 Dec 2016 07:08:57 GMT
20 http request GET https://registry.npmjs.org/koa-router
21 http 304 https://registry.npmjs.org/koa-router
22 verbose headers { date: 'Tue, 20 Dec 2016 06:05:05 GMT',
22 verbose headers   via: '1.1 varnish',
22 verbose headers   'cache-control': 'max-age=300',
22 verbose headers   etag: 'W/"58539309-187ef"',
22 verbose headers   age: '254',
22 verbose headers   connection: 'keep-alive',
22 verbose headers   'x-served-by': 'cache-lcy1141-LCY',
22 verbose headers   'x-cache': 'HIT',
22 verbose headers   'x-cache-hits': '1',
22 verbose headers   'x-timer': 'S1482213905.493496,VS0,VE0',
22 verbose headers   vary: 'Accept-Encoding' }
23 silly get cb [ 304,
23 silly get   { date: 'Tue, 20 Dec 2016 06:05:05 GMT',
23 silly get     via: '1.1 varnish',
23 silly get     'cache-control': 'max-age=300',
23 silly get     etag: 'W/"58539309-187ef"',
23 silly get     age: '254',
23 silly get     connection: 'keep-alive',
23 silly get     'x-served-by': 'cache-lcy1141-LCY',
23 silly get     'x-cache': 'HIT',
23 silly get     'x-cache-hits': '1',
23 silly get     'x-timer': 'S1482213905.493496,VS0,VE0',
23 silly get     vary: 'Accept-Encoding' } ]
24 verbose etag https://registry.npmjs.org/koa-router from cache
25 verbose get saving koa-router to C:\Users\hzzmy\AppData\Roaming\npm-cache\registry.npmjs.org\koa-router\.cache.json
26 verbose correctMkdir C:\Users\hzzmy\AppData\Roaming\npm-cache correctMkdir not in flight; initializing
27 silly install normalizeTree
28 silly loadCurrentTree Finishing
29 silly loadIdealTree Starting
30 silly install loadIdealTree
31 silly cloneCurrentTree Starting
32 silly install cloneCurrentTreeToIdealTree
33 silly cloneCurrentTree Finishing
34 silly loadShrinkwrap Starting
35 silly install loadShrinkwrap
36 silly loadShrinkwrap Finishing
37 silly loadAllDepsIntoIdealTree Starting
38 silly install loadAllDepsIntoIdealTree
39 silly resolveWithNewModule koa-router@7.0.1 checking installable status
40 silly cache add args [ 'koa-router@next', null ]
41 verbose cache add spec koa-router@next
42 silly cache add parsed spec Result {
42 silly cache add   raw: 'koa-router@next',
42 silly cache add   scope: null,
42 silly cache add   escapedName: 'koa-router',
42 silly cache add   name: 'koa-router',
42 silly cache add   rawSpec: 'next',
42 silly cache add   spec: 'next',
42 silly cache add   type: 'tag' }
43 silly addNamed koa-router@next
44 verbose addNamed "next" is being treated as a dist-tag for koa-router
45 info addNameTag [ 'koa-router', 'next' ]
46 silly mapToRegistry name koa-router
47 silly mapToRegistry using default registry
48 silly mapToRegistry registry https://registry.npmjs.org/
49 silly mapToRegistry data Result {
49 silly mapToRegistry   raw: 'koa-router',
49 silly mapToRegistry   scope: null,
49 silly mapToRegistry   escapedName: 'koa-router',
49 silly mapToRegistry   name: 'koa-router',
49 silly mapToRegistry   rawSpec: '',
49 silly mapToRegistry   spec: 'latest',
49 silly mapToRegistry   type: 'tag' }
50 silly mapToRegistry uri https://registry.npmjs.org/koa-router
51 verbose addNameTag registry:https://registry.npmjs.org/koa-router not in flight; fetching
52 verbose get https://registry.npmjs.org/koa-router not expired, no request
53 silly addNameTag next cb for koa-router with tag next
54 silly addNamed koa-router@7.0.1
55 verbose addNamed "7.0.1" is a plain semver version for koa-router
56 silly cache afterAdd koa-router@7.0.1
57 verbose afterAdd C:\Users\hzzmy\AppData\Roaming\npm-cache\koa-router\7.0.1\package\package.json not in flight; writing
58 verbose correctMkdir C:\Users\hzzmy\AppData\Roaming\npm-cache correctMkdir not in flight; initializing
59 verbose afterAdd C:\Users\hzzmy\AppData\Roaming\npm-cache\koa-router\7.0.1\package\package.json written
60 silly fetchNamedPackageData koa-compose
61 silly mapToRegistry name koa-compose
62 silly mapToRegistry using default registry
63 silly mapToRegistry registry https://registry.npmjs.org/
64 silly mapToRegistry data Result {
64 silly mapToRegistry   raw: 'koa-compose',
64 silly mapToRegistry   scope: null,
64 silly mapToRegistry   escapedName: 'koa-compose',
64 silly mapToRegistry   name: 'koa-compose',
64 silly mapToRegistry   rawSpec: '',
64 silly mapToRegistry   spec: 'latest',
64 silly mapToRegistry   type: 'tag' }
65 silly mapToRegistry uri https://registry.npmjs.org/koa-compose
66 silly fetchNamedPackageData methods
67 silly mapToRegistry name methods
68 silly mapToRegistry using default registry
69 silly mapToRegistry registry https://registry.npmjs.org/
70 silly mapToRegistry data Result {
70 silly mapToRegistry   raw: 'methods',
70 silly mapToRegistry   scope: null,
70 silly mapToRegistry   escapedName: 'methods',
70 silly mapToRegistry   name: 'methods',
70 silly mapToRegistry   rawSpec: '',
70 silly mapToRegistry   spec: 'latest',
70 silly mapToRegistry   type: 'tag' }
71 silly mapToRegistry uri https://registry.npmjs.org/methods
72 silly fetchNamedPackageData path-to-regexp
73 silly mapToRegistry name path-to-regexp
74 silly mapToRegistry using default registry
75 silly mapToRegistry registry https://registry.npmjs.org/
76 silly mapToRegistry data Result {
76 silly mapToRegistry   raw: 'path-to-regexp',
76 silly mapToRegistry   scope: null,
76 silly mapToRegistry   escapedName: 'path-to-regexp',
76 silly mapToRegistry   name: 'path-to-regexp',
76 silly mapToRegistry   rawSpec: '',
76 silly mapToRegistry   spec: 'latest',
76 silly mapToRegistry   type: 'tag' }
77 silly mapToRegistry uri https://registry.npmjs.org/path-to-regexp
78 verbose request uri https://registry.npmjs.org/methods
79 verbose request no auth needed
80 info attempt registry request try #1 at 14:04:24
81 verbose etag W/"5818d633-28b6"
82 verbose lastModified Tue, 01 Nov 2016 17:51:47 GMT
83 http request GET https://registry.npmjs.org/methods
84 verbose request uri https://registry.npmjs.org/koa-compose
85 verbose request no auth needed
86 info attempt registry request try #1 at 14:04:24
87 verbose etag W/"5844c360-4f75"
88 verbose lastModified Mon, 05 Dec 2016 01:31:12 GMT
89 http request GET https://registry.npmjs.org/koa-compose
90 verbose request uri https://registry.npmjs.org/path-to-regexp
91 verbose request no auth needed
92 info attempt registry request try #1 at 14:04:24
93 verbose etag W/"584aafca-17983"
94 verbose lastModified Fri, 09 Dec 2016 13:21:14 GMT
95 http request GET https://registry.npmjs.org/path-to-regexp
96 http 304 https://registry.npmjs.org/methods
97 verbose headers { date: 'Tue, 20 Dec 2016 06:05:07 GMT',
97 verbose headers   via: '1.1 varnish',
97 verbose headers   'cache-control': 'max-age=300',
97 verbose headers   etag: 'W/"5818d633-28b6"',
97 verbose headers   age: '287',
97 verbose headers   connection: 'keep-alive',
97 verbose headers   'x-served-by': 'cache-lcy1141-LCY',
97 verbose headers   'x-cache': 'HIT',
97 verbose headers   'x-cache-hits': '3',
97 verbose headers   'x-timer': 'S1482213907.066375,VS0,VE0',
97 verbose headers   vary: 'Accept-Encoding' }
98 silly get cb [ 304,
98 silly get   { date: 'Tue, 20 Dec 2016 06:05:07 GMT',
98 silly get     via: '1.1 varnish',
98 silly get     'cache-control': 'max-age=300',
98 silly get     etag: 'W/"5818d633-28b6"',
98 silly get     age: '287',
98 silly get     connection: 'keep-alive',
98 silly get     'x-served-by': 'cache-lcy1141-LCY',
98 silly get     'x-cache': 'HIT',
98 silly get     'x-cache-hits': '3',
98 silly get     'x-timer': 'S1482213907.066375,VS0,VE0',
98 silly get     vary: 'Accept-Encoding' } ]
99 verbose etag https://registry.npmjs.org/methods from cache
100 verbose get saving methods to C:\Users\hzzmy\AppData\Roaming\npm-cache\registry.npmjs.org\methods\.cache.json
101 verbose correctMkdir C:\Users\hzzmy\AppData\Roaming\npm-cache correctMkdir not in flight; initializing
102 silly resolveWithNewModule methods@1.1.2 checking installable status
103 silly cache add args [ 'methods@^1.0.1', null ]
104 verbose cache add spec methods@^1.0.1
105 silly cache add parsed spec Result {
105 silly cache add   raw: 'methods@^1.0.1',
105 silly cache add   scope: null,
105 silly cache add   escapedName: 'methods',
105 silly cache add   name: 'methods',
105 silly cache add   rawSpec: '^1.0.1',
105 silly cache add   spec: '>=1.0.1 <2.0.0',
105 silly cache add   type: 'range' }
106 silly addNamed methods@>=1.0.1 <2.0.0
107 verbose addNamed ">=1.0.1 <2.0.0" is a valid semver range for methods
108 silly addNameRange { name: 'methods', range: '>=1.0.1 <2.0.0', hasData: false }
109 silly mapToRegistry name methods
110 silly mapToRegistry using default registry
111 silly mapToRegistry registry https://registry.npmjs.org/
112 silly mapToRegistry data Result {
112 silly mapToRegistry   raw: 'methods',
112 silly mapToRegistry   scope: null,
112 silly mapToRegistry   escapedName: 'methods',
112 silly mapToRegistry   name: 'methods',
112 silly mapToRegistry   rawSpec: '',
112 silly mapToRegistry   spec: 'latest',
112 silly mapToRegistry   type: 'tag' }
113 silly mapToRegistry uri https://registry.npmjs.org/methods
114 verbose addNameRange registry:https://registry.npmjs.org/methods not in flight; fetching
115 verbose get https://registry.npmjs.org/methods not expired, no request
116 silly addNameRange number 2 { name: 'methods', range: '>=1.0.1 <2.0.0', hasData: true }
117 silly addNameRange versions [ 'methods',
117 silly addNameRange   [ '0.0.1', '0.1.0', '1.0.0', '1.0.1', '1.1.0', '1.1.1', '1.1.2' ] ]
118 silly addNamed methods@1.1.2
119 verbose addNamed "1.1.2" is a plain semver version for methods
120 silly cache afterAdd methods@1.1.2
121 verbose afterAdd C:\Users\hzzmy\AppData\Roaming\npm-cache\methods\1.1.2\package\package.json not in flight; writing
122 verbose correctMkdir C:\Users\hzzmy\AppData\Roaming\npm-cache correctMkdir not in flight; initializing
123 verbose afterAdd C:\Users\hzzmy\AppData\Roaming\npm-cache\methods\1.1.2\package\package.json written
124 http 200 https://registry.npmjs.org/path-to-regexp
125 verbose headers { server: 'nginx/1.10.1',
125 verbose headers   'content-type': 'application/json',
125 verbose headers   'last-modified': 'Tue, 20 Dec 2016 05:44:03 GMT',
125 verbose headers   etag: 'W/"5858c523-17991"',
125 verbose headers   'content-encoding': 'gzip',
125 verbose headers   'cache-control': 'max-age=300',
125 verbose headers   'content-length': '8543',
125 verbose headers   'accept-ranges': 'bytes',
125 verbose headers   date: 'Tue, 20 Dec 2016 06:05:07 GMT',
125 verbose headers   via: '1.1 varnish',
125 verbose headers   age: '51',
125 verbose headers   connection: 'keep-alive',
125 verbose headers   'x-served-by': 'cache-lcy1141-LCY',
125 verbose headers   'x-cache': 'HIT',
125 verbose headers   'x-cache-hits': '1',
125 verbose headers   'x-timer': 'S1482213907.603256,VS0,VE0',
125 verbose headers   vary: 'Accept-Encoding' }
126 silly get cb [ 200,
126 silly get   { server: 'nginx/1.10.1',
126 silly get     'content-type': 'application/json',
126 silly get     'last-modified': 'Tue, 20 Dec 2016 05:44:03 GMT',
126 silly get     etag: 'W/"5858c523-17991"',
126 silly get     'content-encoding': 'gzip',
126 silly get     'cache-control': 'max-age=300',
126 silly get     'content-length': '8543',
126 silly get     'accept-ranges': 'bytes',
126 silly get     date: 'Tue, 20 Dec 2016 06:05:07 GMT',
126 silly get     via: '1.1 varnish',
126 silly get     age: '51',
126 silly get     connection: 'keep-alive',
126 silly get     'x-served-by': 'cache-lcy1141-LCY',
126 silly get     'x-cache': 'HIT',
126 silly get     'x-cache-hits': '1',
126 silly get     'x-timer': 'S1482213907.603256,VS0,VE0',
126 silly get     vary: 'Accept-Encoding' } ]
127 verbose get saving path-to-regexp to C:\Users\hzzmy\AppData\Roaming\npm-cache\registry.npmjs.org\path-to-regexp\.cache.json
128 verbose correctMkdir C:\Users\hzzmy\AppData\Roaming\npm-cache correctMkdir not in flight; initializing
129 silly resolveWithNewModule path-to-regexp@1.7.0 checking installable status
130 silly cache add args [ 'path-to-regexp@^1.1.1', null ]
131 verbose cache add spec path-to-regexp@^1.1.1
132 silly cache add parsed spec Result {
132 silly cache add   raw: 'path-to-regexp@^1.1.1',
132 silly cache add   scope: null,
132 silly cache add   escapedName: 'path-to-regexp',
132 silly cache add   name: 'path-to-regexp',
132 silly cache add   rawSpec: '^1.1.1',
132 silly cache add   spec: '>=1.1.1 <2.0.0',
132 silly cache add   type: 'range' }
133 silly addNamed path-to-regexp@>=1.1.1 <2.0.0
134 verbose addNamed ">=1.1.1 <2.0.0" is a valid semver range for path-to-regexp
135 silly addNameRange { name: 'path-to-regexp',
135 silly addNameRange   range: '>=1.1.1 <2.0.0',
135 silly addNameRange   hasData: false }
136 silly mapToRegistry name path-to-regexp
137 silly mapToRegistry using default registry
138 silly mapToRegistry registry https://registry.npmjs.org/
139 silly mapToRegistry data Result {
139 silly mapToRegistry   raw: 'path-to-regexp',
139 silly mapToRegistry   scope: null,
139 silly mapToRegistry   escapedName: 'path-to-regexp',
139 silly mapToRegistry   name: 'path-to-regexp',
139 silly mapToRegistry   rawSpec: '',
139 silly mapToRegistry   spec: 'latest',
139 silly mapToRegistry   type: 'tag' }
140 silly mapToRegistry uri https://registry.npmjs.org/path-to-regexp
141 verbose addNameRange registry:https://registry.npmjs.org/path-to-regexp not in flight; fetching
142 verbose get https://registry.npmjs.org/path-to-regexp not expired, no request
143 silly addNameRange number 2 { name: 'path-to-regexp',
143 silly addNameRange   range: '>=1.1.1 <2.0.0',
143 silly addNameRange   hasData: true }
144 silly addNameRange versions [ 'path-to-regexp',
144 silly addNameRange   [ '0.0.1',
144 silly addNameRange     '0.0.2',
144 silly addNameRange     '0.1.0',
144 silly addNameRange     '0.1.1',
144 silly addNameRange     '0.1.2',
144 silly addNameRange     '0.2.0',
144 silly addNameRange     '0.2.1',
144 silly addNameRange     '0.1.3',
144 silly addNameRange     '0.2.2',
144 silly addNameRange     '0.2.3',
144 silly addNameRange     '0.2.4',
144 silly addNameRange     '0.2.5',
144 silly addNameRange     '1.0.0',
144 silly addNameRange     '1.0.1',
144 silly addNameRange     '1.0.2',
144 silly addNameRange     '1.0.3',
144 silly addNameRange     '0.1.4',
144 silly addNameRange     '0.1.5',
144 silly addNameRange     '1.1.0',
144 silly addNameRange     '1.1.1',
144 silly addNameRange     '1.2.0',
144 silly addNameRange     '0.1.6',
144 silly addNameRange     '0.1.7',
144 silly addNameRange     '1.2.1',
144 silly addNameRange     '1.3.0',
144 silly addNameRange     '1.4.0',
144 silly addNameRange     '1.5.0',
144 silly addNameRange     '1.5.1',
144 silly addNameRange     '1.5.2',
144 silly addNameRange     '1.5.3',
144 silly addNameRange     '1.6.0',
144 silly addNameRange     '1.7.0' ] ]
145 silly addNamed path-to-regexp@1.7.0
146 verbose addNamed "1.7.0" is a plain semver version for path-to-regexp
147 silly cache afterAdd path-to-regexp@1.7.0
148 verbose afterAdd C:\Users\hzzmy\AppData\Roaming\npm-cache\path-to-regexp\1.7.0\package\package.json not in flight; writing
149 verbose correctMkdir C:\Users\hzzmy\AppData\Roaming\npm-cache correctMkdir not in flight; initializing
150 verbose afterAdd C:\Users\hzzmy\AppData\Roaming\npm-cache\path-to-regexp\1.7.0\package\package.json written
151 http 304 https://registry.npmjs.org/koa-compose
152 verbose headers { date: 'Tue, 20 Dec 2016 06:05:08 GMT',
152 verbose headers   via: '1.1 varnish',
152 verbose headers   'cache-control': 'max-age=300',
152 verbose headers   etag: 'W/"5844c360-4f75"',
152 verbose headers   age: '114',
152 verbose headers   connection: 'keep-alive',
152 verbose headers   'x-served-by': 'cache-lcy1121-LCY',
152 verbose headers   'x-cache': 'HIT',
152 verbose headers   'x-cache-hits': '1',
152 verbose headers   'x-timer': 'S1482213908.876328,VS0,VE0',
152 verbose headers   vary: 'Accept-Encoding' }
153 silly get cb [ 304,
153 silly get   { date: 'Tue, 20 Dec 2016 06:05:08 GMT',
153 silly get     via: '1.1 varnish',
153 silly get     'cache-control': 'max-age=300',
153 silly get     etag: 'W/"5844c360-4f75"',
153 silly get     age: '114',
153 silly get     connection: 'keep-alive',
153 silly get     'x-served-by': 'cache-lcy1121-LCY',
153 silly get     'x-cache': 'HIT',
153 silly get     'x-cache-hits': '1',
153 silly get     'x-timer': 'S1482213908.876328,VS0,VE0',
153 silly get     vary: 'Accept-Encoding' } ]
154 verbose etag https://registry.npmjs.org/koa-compose from cache
155 verbose get saving koa-compose to C:\Users\hzzmy\AppData\Roaming\npm-cache\registry.npmjs.org\koa-compose\.cache.json
156 verbose correctMkdir C:\Users\hzzmy\AppData\Roaming\npm-cache correctMkdir not in flight; initializing
157 silly resolveWithNewModule koa-compose@3.2.1 checking installable status
158 silly cache add args [ 'koa-compose@^3.0.0', null ]
159 verbose cache add spec koa-compose@^3.0.0
160 silly cache add parsed spec Result {
160 silly cache add   raw: 'koa-compose@^3.0.0',
160 silly cache add   scope: null,
160 silly cache add   escapedName: 'koa-compose',
160 silly cache add   name: 'koa-compose',
160 silly cache add   rawSpec: '^3.0.0',
160 silly cache add   spec: '>=3.0.0 <4.0.0',
160 silly cache add   type: 'range' }
161 silly addNamed koa-compose@>=3.0.0 <4.0.0
162 verbose addNamed ">=3.0.0 <4.0.0" is a valid semver range for koa-compose
163 silly addNameRange { name: 'koa-compose', range: '>=3.0.0 <4.0.0', hasData: false }
164 silly mapToRegistry name koa-compose
165 silly mapToRegistry using default registry
166 silly mapToRegistry registry https://registry.npmjs.org/
167 silly mapToRegistry data Result {
167 silly mapToRegistry   raw: 'koa-compose',
167 silly mapToRegistry   scope: null,
167 silly mapToRegistry   escapedName: 'koa-compose',
167 silly mapToRegistry   name: 'koa-compose',
167 silly mapToRegistry   rawSpec: '',
167 silly mapToRegistry   spec: 'latest',
167 silly mapToRegistry   type: 'tag' }
168 silly mapToRegistry uri https://registry.npmjs.org/koa-compose
169 verbose addNameRange registry:https://registry.npmjs.org/koa-compose not in flight; fetching
170 verbose get https://registry.npmjs.org/koa-compose not expired, no request
171 silly addNameRange number 2 { name: 'koa-compose', range: '>=3.0.0 <4.0.0', hasData: true }
172 silly addNameRange versions [ 'koa-compose',
172 silly addNameRange   [ '1.0.0',
172 silly addNameRange     '2.0.0',
172 silly addNameRange     '2.0.1',
172 silly addNameRange     '2.1.0',
172 silly addNameRange     '2.2.0',
172 silly addNameRange     '2.3.0',
172 silly addNameRange     '3.0.0',
172 silly addNameRange     '2.4.0',
172 silly addNameRange     '3.1.0',
172 silly addNameRange     '2.5.0',
172 silly addNameRange     '3.2.0',
172 silly addNameRange     '2.5.1',
172 silly addNameRange     '3.2.1' ] ]
173 silly addNamed koa-compose@3.2.1
174 verbose addNamed "3.2.1" is a plain semver version for koa-compose
175 silly cache afterAdd koa-compose@3.2.1
176 verbose afterAdd C:\Users\hzzmy\AppData\Roaming\npm-cache\koa-compose\3.2.1\package\package.json not in flight; writing
177 verbose correctMkdir C:\Users\hzzmy\AppData\Roaming\npm-cache correctMkdir not in flight; initializing
178 verbose afterAdd C:\Users\hzzmy\AppData\Roaming\npm-cache\koa-compose\3.2.1\package\package.json written
179 silly fetchNamedPackageData any-promise
180 silly mapToRegistry name any-promise
181 silly mapToRegistry using default registry
182 silly mapToRegistry registry https://registry.npmjs.org/
183 silly mapToRegistry data Result {
183 silly mapToRegistry   raw: 'any-promise',
183 silly mapToRegistry   scope: null,
183 silly mapToRegistry   escapedName: 'any-promise',
183 silly mapToRegistry   name: 'any-promise',
183 silly mapToRegistry   rawSpec: '',
183 silly mapToRegistry   spec: 'latest',
183 silly mapToRegistry   type: 'tag' }
184 silly mapToRegistry uri https://registry.npmjs.org/any-promise
185 verbose request uri https://registry.npmjs.org/any-promise
186 verbose request no auth needed
187 info attempt registry request try #1 at 14:04:26
188 verbose etag W/"582497e1-4671"
189 verbose lastModified Thu, 10 Nov 2016 15:53:05 GMT
190 http request GET https://registry.npmjs.org/any-promise
191 http 304 https://registry.npmjs.org/any-promise
192 verbose headers { date: 'Tue, 20 Dec 2016 06:05:09 GMT',
192 verbose headers   via: '1.1 varnish',
192 verbose headers   'cache-control': 'max-age=300',
192 verbose headers   etag: 'W/"582497e1-4671"',
192 verbose headers   age: '118',
192 verbose headers   connection: 'keep-alive',
192 verbose headers   'x-served-by': 'cache-lcy1141-LCY',
192 verbose headers   'x-cache': 'HIT',
192 verbose headers   'x-cache-hits': '1',
192 verbose headers   'x-timer': 'S1482213909.459030,VS0,VE0',
192 verbose headers   vary: 'Accept-Encoding' }
193 silly get cb [ 304,
193 silly get   { date: 'Tue, 20 Dec 2016 06:05:09 GMT',
193 silly get     via: '1.1 varnish',
193 silly get     'cache-control': 'max-age=300',
193 silly get     etag: 'W/"582497e1-4671"',
193 silly get     age: '118',
193 silly get     connection: 'keep-alive',
193 silly get     'x-served-by': 'cache-lcy1141-LCY',
193 silly get     'x-cache': 'HIT',
193 silly get     'x-cache-hits': '1',
193 silly get     'x-timer': 'S1482213909.459030,VS0,VE0',
193 silly get     vary: 'Accept-Encoding' } ]
194 verbose etag https://registry.npmjs.org/any-promise from cache
195 verbose get saving any-promise to C:\Users\hzzmy\AppData\Roaming\npm-cache\registry.npmjs.org\any-promise\.cache.json
196 verbose correctMkdir C:\Users\hzzmy\AppData\Roaming\npm-cache correctMkdir not in flight; initializing
197 silly resolveWithNewModule any-promise@1.3.0 checking installable status
198 silly cache add args [ 'any-promise@^1.1.0', null ]
199 verbose cache add spec any-promise@^1.1.0
200 silly cache add parsed spec Result {
200 silly cache add   raw: 'any-promise@^1.1.0',
200 silly cache add   scope: null,
200 silly cache add   escapedName: 'any-promise',
200 silly cache add   name: 'any-promise',
200 silly cache add   rawSpec: '^1.1.0',
200 silly cache add   spec: '>=1.1.0 <2.0.0',
200 silly cache add   type: 'range' }
201 silly addNamed any-promise@>=1.1.0 <2.0.0
202 verbose addNamed ">=1.1.0 <2.0.0" is a valid semver range for any-promise
203 silly addNameRange { name: 'any-promise', range: '>=1.1.0 <2.0.0', hasData: false }
204 silly mapToRegistry name any-promise
205 silly mapToRegistry using default registry
206 silly mapToRegistry registry https://registry.npmjs.org/
207 silly mapToRegistry data Result {
207 silly mapToRegistry   raw: 'any-promise',
207 silly mapToRegistry   scope: null,
207 silly mapToRegistry   escapedName: 'any-promise',
207 silly mapToRegistry   name: 'any-promise',
207 silly mapToRegistry   rawSpec: '',
207 silly mapToRegistry   spec: 'latest',
207 silly mapToRegistry   type: 'tag' }
208 silly mapToRegistry uri https://registry.npmjs.org/any-promise
209 verbose addNameRange registry:https://registry.npmjs.org/any-promise not in flight; fetching
210 verbose get https://registry.npmjs.org/any-promise not expired, no request
211 silly addNameRange number 2 { name: 'any-promise', range: '>=1.1.0 <2.0.0', hasData: true }
212 silly addNameRange versions [ 'any-promise',
212 silly addNameRange   [ '0.0.1',
212 silly addNameRange     '0.0.2',
212 silly addNameRange     '0.1.0',
212 silly addNameRange     '0.2.0',
212 silly addNameRange     '1.0.0',
212 silly addNameRange     '1.1.0',
212 silly addNameRange     '1.2.0',
212 silly addNameRange     '1.3.0' ] ]
213 silly addNamed any-promise@1.3.0
214 verbose addNamed "1.3.0" is a plain semver version for any-promise
215 silly cache afterAdd any-promise@1.3.0
216 verbose afterAdd C:\Users\hzzmy\AppData\Roaming\npm-cache\any-promise\1.3.0\package\package.json not in flight; writing
217 verbose correctMkdir C:\Users\hzzmy\AppData\Roaming\npm-cache correctMkdir not in flight; initializing
218 verbose afterAdd C:\Users\hzzmy\AppData\Roaming\npm-cache\any-promise\1.3.0\package\package.json written
219 silly fetchNamedPackageData isarray
220 silly mapToRegistry name isarray
221 silly mapToRegistry using default registry
222 silly mapToRegistry registry https://registry.npmjs.org/
223 silly mapToRegistry data Result {
223 silly mapToRegistry   raw: 'isarray',
223 silly mapToRegistry   scope: null,
223 silly mapToRegistry   escapedName: 'isarray',
223 silly mapToRegistry   name: 'isarray',
223 silly mapToRegistry   rawSpec: '',
223 silly mapToRegistry   spec: 'latest',
223 silly mapToRegistry   type: 'tag' }
224 silly mapToRegistry uri https://registry.npmjs.org/isarray
225 verbose request uri https://registry.npmjs.org/isarray
226 verbose request no auth needed
227 info attempt registry request try #1 at 14:04:27
228 verbose etag W/"5818d2eb-226a"
229 verbose lastModified Tue, 01 Nov 2016 17:37:47 GMT
230 http request GET https://registry.npmjs.org/isarray
231 http 304 https://registry.npmjs.org/isarray
232 verbose headers { date: 'Tue, 20 Dec 2016 06:05:09 GMT',
232 verbose headers   via: '1.1 varnish',
232 verbose headers   'cache-control': 'max-age=300',
232 verbose headers   etag: 'W/"5818d2eb-226a"',
232 verbose headers   age: '133',
232 verbose headers   connection: 'keep-alive',
232 verbose headers   'x-served-by': 'cache-lcy1141-LCY',
232 verbose headers   'x-cache': 'HIT',
232 verbose headers   'x-cache-hits': '2',
232 verbose headers   'x-timer': 'S1482213909.923395,VS0,VE0',
232 verbose headers   vary: 'Accept-Encoding' }
233 silly get cb [ 304,
233 silly get   { date: 'Tue, 20 Dec 2016 06:05:09 GMT',
233 silly get     via: '1.1 varnish',
233 silly get     'cache-control': 'max-age=300',
233 silly get     etag: 'W/"5818d2eb-226a"',
233 silly get     age: '133',
233 silly get     connection: 'keep-alive',
233 silly get     'x-served-by': 'cache-lcy1141-LCY',
233 silly get     'x-cache': 'HIT',
233 silly get     'x-cache-hits': '2',
233 silly get     'x-timer': 'S1482213909.923395,VS0,VE0',
233 silly get     vary: 'Accept-Encoding' } ]
234 verbose etag https://registry.npmjs.org/isarray from cache
235 verbose get saving isarray to C:\Users\hzzmy\AppData\Roaming\npm-cache\registry.npmjs.org\isarray\.cache.json
236 verbose correctMkdir C:\Users\hzzmy\AppData\Roaming\npm-cache correctMkdir not in flight; initializing
237 silly resolveWithNewModule isarray@0.0.1 checking installable status
238 silly cache add args [ 'isarray@0.0.1', null ]
239 verbose cache add spec isarray@0.0.1
240 silly cache add parsed spec Result {
240 silly cache add   raw: 'isarray@0.0.1',
240 silly cache add   scope: null,
240 silly cache add   escapedName: 'isarray',
240 silly cache add   name: 'isarray',
240 silly cache add   rawSpec: '0.0.1',
240 silly cache add   spec: '0.0.1',
240 silly cache add   type: 'version' }
241 silly addNamed isarray@0.0.1
242 verbose addNamed "0.0.1" is a plain semver version for isarray
243 silly mapToRegistry name isarray
244 silly mapToRegistry using default registry
245 silly mapToRegistry registry https://registry.npmjs.org/
246 silly mapToRegistry data Result {
246 silly mapToRegistry   raw: 'isarray',
246 silly mapToRegistry   scope: null,
246 silly mapToRegistry   escapedName: 'isarray',
246 silly mapToRegistry   name: 'isarray',
246 silly mapToRegistry   rawSpec: '',
246 silly mapToRegistry   spec: 'latest',
246 silly mapToRegistry   type: 'tag' }
247 silly mapToRegistry uri https://registry.npmjs.org/isarray
248 verbose addNameVersion registry:https://registry.npmjs.org/isarray not in flight; fetching
249 verbose get https://registry.npmjs.org/isarray not expired, no request
250 silly cache afterAdd isarray@0.0.1
251 verbose afterAdd C:\Users\hzzmy\AppData\Roaming\npm-cache\isarray\0.0.1\package\package.json not in flight; writing
252 verbose correctMkdir C:\Users\hzzmy\AppData\Roaming\npm-cache correctMkdir not in flight; initializing
253 verbose afterAdd C:\Users\hzzmy\AppData\Roaming\npm-cache\isarray\0.0.1\package\package.json written
254 silly loadAllDepsIntoIdealTree Finishing
255 silly loadIdealTree Finishing
256 silly currentTree 05@1.0.0
256 silly currentTree +-- ansi-regex@2.0.0
256 silly currentTree +-- ansi-styles@2.2.1
256 silly currentTree +-- any-promise
256 silly currentTree +-- babel-code-frame@6.20.0
256 silly currentTree +-- babel-core@6.20.0
256 silly currentTree +-- babel-generator@6.20.0
256 silly currentTree +-- babel-helper-builder-binary-assignment-operator-visitor@6.18.0
256 silly currentTree +-- babel-helper-call-delegate@6.18.0
256 silly currentTree +-- babel-helper-define-map@6.18.0
256 silly currentTree +-- babel-helper-explode-assignable-expression@6.18.0
256 silly currentTree +-- babel-helper-function-name@6.18.0
256 silly currentTree +-- babel-helper-get-function-arity@6.18.0
256 silly currentTree +-- babel-helper-hoist-variables@6.18.0
256 silly currentTree +-- babel-helper-optimise-call-expression@6.18.0
256 silly currentTree +-- babel-helper-regex@6.18.0
256 silly currentTree +-- babel-helper-remap-async-to-generator@6.20.3
256 silly currentTree +-- babel-helper-replace-supers@6.18.0
256 silly currentTree +-- babel-helpers@6.16.0
256 silly currentTree +-- babel-messages@6.8.0
256 silly currentTree +-- babel-plugin-check-es2015-constants@6.8.0
256 silly currentTree +-- babel-plugin-syntax-async-functions@6.13.0
256 silly currentTree +-- babel-plugin-syntax-async-generators@6.13.0
256 silly currentTree +-- babel-plugin-syntax-exponentiation-operator@6.13.0
256 silly currentTree +-- babel-plugin-syntax-object-rest-spread@6.13.0
256 silly currentTree +-- babel-plugin-syntax-trailing-function-commas@6.20.0
256 silly currentTree +-- babel-plugin-transform-async-generator-functions@6.17.0
256 silly currentTree +-- babel-plugin-transform-async-to-generator@6.16.0
256 silly currentTree +-- babel-plugin-transform-es2015-arrow-functions@6.8.0
256 silly currentTree +-- babel-plugin-transform-es2015-block-scoped-functions@6.8.0
256 silly currentTree +-- babel-plugin-transform-es2015-block-scoping@6.20.0
256 silly currentTree +-- babel-plugin-transform-es2015-classes@6.18.0
256 silly currentTree +-- babel-plugin-transform-es2015-computed-properties@6.8.0
256 silly currentTree +-- babel-plugin-transform-es2015-destructuring@6.19.0
256 silly currentTree +-- babel-plugin-transform-es2015-duplicate-keys@6.8.0
256 silly currentTree +-- babel-plugin-transform-es2015-for-of@6.18.0
256 silly currentTree +-- babel-plugin-transform-es2015-function-name@6.9.0
256 silly currentTree +-- babel-plugin-transform-es2015-literals@6.8.0
256 silly currentTree +-- babel-plugin-transform-es2015-modules-amd@6.18.0
256 silly currentTree +-- babel-plugin-transform-es2015-modules-commonjs@6.18.0
256 silly currentTree +-- babel-plugin-transform-es2015-modules-systemjs@6.19.0
256 silly currentTree +-- babel-plugin-transform-es2015-modules-umd@6.18.0
256 silly currentTree +-- babel-plugin-transform-es2015-object-super@6.8.0
256 silly currentTree +-- babel-plugin-transform-es2015-parameters@6.18.0
256 silly currentTree +-- babel-plugin-transform-es2015-shorthand-properties@6.18.0
256 silly currentTree +-- babel-plugin-transform-es2015-spread@6.8.0
256 silly currentTree +-- babel-plugin-transform-es2015-sticky-regex@6.8.0
256 silly currentTree +-- babel-plugin-transform-es2015-template-literals@6.8.0
256 silly currentTree +-- babel-plugin-transform-es2015-typeof-symbol@6.18.0
256 silly currentTree +-- babel-plugin-transform-es2015-unicode-regex@6.11.0
256 silly currentTree +-- babel-plugin-transform-exponentiation-operator@6.8.0
256 silly currentTree +-- babel-plugin-transform-object-rest-spread@6.20.2
256 silly currentTree +-- babel-plugin-transform-regenerator@6.20.0
256 silly currentTree +-- babel-plugin-transform-strict-mode@6.18.0
256 silly currentTree +-- babel-polyfill@6.20.0
256 silly currentTree +-- babel-preset-es2015@6.18.0
256 silly currentTree +-- babel-preset-stage-3@6.17.0
256 silly currentTree +-- babel-register@6.18.0
256 silly currentTree +-- babel-runtime@6.20.0
256 silly currentTree +-- babel-template@6.16.0
256 silly currentTree +-- babel-traverse@6.20.0
256 silly currentTree +-- babel-types@6.20.0
256 silly currentTree +-- babylon@6.14.1
256 silly currentTree +-- balanced-match@0.4.2
256 silly currentTree +-- brace-expansion@1.1.6
256 silly currentTree +-- chalk@1.1.3
256 silly currentTree +-- concat-map@0.0.1
256 silly currentTree +-- convert-source-map@1.3.0
256 silly currentTree +-- core-js@2.4.1
256 silly currentTree +-- debug@2.3.3
256 silly currentTree +-- detect-indent@4.0.0
256 silly currentTree +-- escape-string-regexp@1.0.5
256 silly currentTree +-- esutils@2.0.2
256 silly currentTree +-- globals@9.14.0
256 silly currentTree +-- has-ansi@2.0.0
256 silly currentTree +-- home-or-tmp@2.0.0
256 silly currentTree +-- http-errors@1.5.1
256 silly currentTree +-- inherits@2.0.3
256 silly currentTree +-- invariant@2.2.2
256 silly currentTree +-- is-finite@1.0.2
256 silly currentTree +-- isarray
256 silly currentTree +-- js-tokens@2.0.0
256 silly currentTree +-- jsesc@1.3.0
256 silly currentTree +-- json5@0.5.1
256 silly currentTree +-- koa-compose
256 silly currentTree +-- koa-route
256 silly currentTree +-- koa-router
256 silly currentTree +-- lodash@4.17.2
256 silly currentTree +-- loose-envify@1.3.0
256 silly currentTree +-- methods
256 silly currentTree +-- minimatch@3.0.3
256 silly currentTree +-- minimist@0.0.8
256 silly currentTree +-- mkdirp@0.5.1
256 silly currentTree +-- ms@0.7.2
256 silly currentTree +-- number-is-nan@1.0.1
256 silly currentTree +-- os-homedir@1.0.2
256 silly currentTree +-- os-tmpdir@1.0.2
256 silly currentTree +-- path-is-absolute@1.0.1
256 silly currentTree +-- path-to-regexp
256 silly currentTree +-- private@0.1.6
256 silly currentTree +-- regenerate@1.3.2
256 silly currentTree +-- regenerator-runtime@0.10.1
256 silly currentTree +-- regenerator-transform@0.9.8
256 silly currentTree +-- regexpu-core@2.0.0
256 silly currentTree +-- regjsgen@0.2.0
256 silly currentTree +-- regjsparser@0.1.5
256 silly currentTree | `-- jsesc@0.5.0
256 silly currentTree +-- repeating@2.0.1
256 silly currentTree +-- setprototypeof@1.0.2
256 silly currentTree +-- slash@1.0.0
256 silly currentTree +-- source-map-support@0.4.6
256 silly currentTree +-- source-map@0.5.6
256 silly currentTree +-- statuses@1.3.1
256 silly currentTree +-- strip-ansi@3.0.1
256 silly currentTree +-- supports-color@2.0.0
256 silly currentTree `-- to-fast-properties@1.0.2
257 silly idealTree 05@1.0.0
257 silly idealTree +-- ansi-regex@2.0.0
257 silly idealTree +-- ansi-styles@2.2.1
257 silly idealTree +-- any-promise
257 silly idealTree +-- babel-code-frame@6.20.0
257 silly idealTree +-- babel-core@6.20.0
257 silly idealTree +-- babel-generator@6.20.0
257 silly idealTree +-- babel-helper-builder-binary-assignment-operator-visitor@6.18.0
257 silly idealTree +-- babel-helper-call-delegate@6.18.0
257 silly idealTree +-- babel-helper-define-map@6.18.0
257 silly idealTree +-- babel-helper-explode-assignable-expression@6.18.0
257 silly idealTree +-- babel-helper-function-name@6.18.0
257 silly idealTree +-- babel-helper-get-function-arity@6.18.0
257 silly idealTree +-- babel-helper-hoist-variables@6.18.0
257 silly idealTree +-- babel-helper-optimise-call-expression@6.18.0
257 silly idealTree +-- babel-helper-regex@6.18.0
257 silly idealTree +-- babel-helper-remap-async-to-generator@6.20.3
257 silly idealTree +-- babel-helper-replace-supers@6.18.0
257 silly idealTree +-- babel-helpers@6.16.0
257 silly idealTree +-- babel-messages@6.8.0
257 silly idealTree +-- babel-plugin-check-es2015-constants@6.8.0
257 silly idealTree +-- babel-plugin-syntax-async-functions@6.13.0
257 silly idealTree +-- babel-plugin-syntax-async-generators@6.13.0
257 silly idealTree +-- babel-plugin-syntax-exponentiation-operator@6.13.0
257 silly idealTree +-- babel-plugin-syntax-object-rest-spread@6.13.0
257 silly idealTree +-- babel-plugin-syntax-trailing-function-commas@6.20.0
257 silly idealTree +-- babel-plugin-transform-async-generator-functions@6.17.0
257 silly idealTree +-- babel-plugin-transform-async-to-generator@6.16.0
257 silly idealTree +-- babel-plugin-transform-es2015-arrow-functions@6.8.0
257 silly idealTree +-- babel-plugin-transform-es2015-block-scoped-functions@6.8.0
257 silly idealTree +-- babel-plugin-transform-es2015-block-scoping@6.20.0
257 silly idealTree +-- babel-plugin-transform-es2015-classes@6.18.0
257 silly idealTree +-- babel-plugin-transform-es2015-computed-properties@6.8.0
257 silly idealTree +-- babel-plugin-transform-es2015-destructuring@6.19.0
257 silly idealTree +-- babel-plugin-transform-es2015-duplicate-keys@6.8.0
257 silly idealTree +-- babel-plugin-transform-es2015-for-of@6.18.0
257 silly idealTree +-- babel-plugin-transform-es2015-function-name@6.9.0
257 silly idealTree +-- babel-plugin-transform-es2015-literals@6.8.0
257 silly idealTree +-- babel-plugin-transform-es2015-modules-amd@6.18.0
257 silly idealTree +-- babel-plugin-transform-es2015-modules-commonjs@6.18.0
257 silly idealTree +-- babel-plugin-transform-es2015-modules-systemjs@6.19.0
257 silly idealTree +-- babel-plugin-transform-es2015-modules-umd@6.18.0
257 silly idealTree +-- babel-plugin-transform-es2015-object-super@6.8.0
257 silly idealTree +-- babel-plugin-transform-es2015-parameters@6.18.0
257 silly idealTree +-- babel-plugin-transform-es2015-shorthand-properties@6.18.0
257 silly idealTree +-- babel-plugin-transform-es2015-spread@6.8.0
257 silly idealTree +-- babel-plugin-transform-es2015-sticky-regex@6.8.0
257 silly idealTree +-- babel-plugin-transform-es2015-template-literals@6.8.0
257 silly idealTree +-- babel-plugin-transform-es2015-typeof-symbol@6.18.0
257 silly idealTree +-- babel-plugin-transform-es2015-unicode-regex@6.11.0
257 silly idealTree +-- babel-plugin-transform-exponentiation-operator@6.8.0
257 silly idealTree +-- babel-plugin-transform-object-rest-spread@6.20.2
257 silly idealTree +-- babel-plugin-transform-regenerator@6.20.0
257 silly idealTree +-- babel-plugin-transform-strict-mode@6.18.0
257 silly idealTree +-- babel-polyfill@6.20.0
257 silly idealTree +-- babel-preset-es2015@6.18.0
257 silly idealTree +-- babel-preset-stage-3@6.17.0
257 silly idealTree +-- babel-register@6.18.0
257 silly idealTree +-- babel-runtime@6.20.0
257 silly idealTree +-- babel-template@6.16.0
257 silly idealTree +-- babel-traverse@6.20.0
257 silly idealTree +-- babel-types@6.20.0
257 silly idealTree +-- babylon@6.14.1
257 silly idealTree +-- balanced-match@0.4.2
257 silly idealTree +-- brace-expansion@1.1.6
257 silly idealTree +-- chalk@1.1.3
257 silly idealTree +-- concat-map@0.0.1
257 silly idealTree +-- convert-source-map@1.3.0
257 silly idealTree +-- core-js@2.4.1
257 silly idealTree +-- debug@2.3.3
257 silly idealTree +-- detect-indent@4.0.0
257 silly idealTree +-- escape-string-regexp@1.0.5
257 silly idealTree +-- esutils@2.0.2
257 silly idealTree +-- globals@9.14.0
257 silly idealTree +-- has-ansi@2.0.0
257 silly idealTree +-- home-or-tmp@2.0.0
257 silly idealTree +-- http-errors@1.5.1
257 silly idealTree +-- inherits@2.0.3
257 silly idealTree +-- invariant@2.2.2
257 silly idealTree +-- is-finite@1.0.2
257 silly idealTree +-- isarray
257 silly idealTree +-- js-tokens@2.0.0
257 silly idealTree +-- jsesc@1.3.0
257 silly idealTree +-- json5@0.5.1
257 silly idealTree +-- koa-compose
257 silly idealTree +-- koa-route
257 silly idealTree +-- koa-router@7.0.1
257 silly idealTree | +-- any-promise@1.3.0
257 silly idealTree | +-- isarray@0.0.1
257 silly idealTree | +-- koa-compose@3.2.1
257 silly idealTree | +-- methods@1.1.2
257 silly idealTree | `-- path-to-regexp@1.7.0
257 silly idealTree +-- lodash@4.17.2
257 silly idealTree +-- loose-envify@1.3.0
257 silly idealTree +-- methods
257 silly idealTree +-- minimatch@3.0.3
257 silly idealTree +-- minimist@0.0.8
257 silly idealTree +-- mkdirp@0.5.1
257 silly idealTree +-- ms@0.7.2
257 silly idealTree +-- number-is-nan@1.0.1
257 silly idealTree +-- os-homedir@1.0.2
257 silly idealTree +-- os-tmpdir@1.0.2
257 silly idealTree +-- path-is-absolute@1.0.1
257 silly idealTree +-- path-to-regexp
257 silly idealTree +-- private@0.1.6
257 silly idealTree +-- regenerate@1.3.2
257 silly idealTree +-- regenerator-runtime@0.10.1
257 silly idealTree +-- regenerator-transform@0.9.8
257 silly idealTree +-- regexpu-core@2.0.0
257 silly idealTree +-- regjsgen@0.2.0
257 silly idealTree +-- regjsparser@0.1.5
257 silly idealTree | `-- jsesc@0.5.0
257 silly idealTree +-- repeating@2.0.1
257 silly idealTree +-- setprototypeof@1.0.2
257 silly idealTree +-- slash@1.0.0
257 silly idealTree +-- source-map-support@0.4.6
257 silly idealTree +-- source-map@0.5.6
257 silly idealTree +-- statuses@1.3.1
257 silly idealTree +-- strip-ansi@3.0.1
257 silly idealTree +-- supports-color@2.0.0
257 silly idealTree `-- to-fast-properties@1.0.2
258 silly generateActionsToTake Starting
259 silly install generateActionsToTake
260 silly generateActionsToTake Finishing
261 silly diffTrees action count 6
262 silly diffTrees add any-promise@1.3.0
263 silly diffTrees add isarray@0.0.1
264 silly diffTrees add koa-compose@3.2.1
265 silly diffTrees add methods@1.1.2
266 silly diffTrees add path-to-regexp@1.7.0
267 silly diffTrees update koa-router@7.0.1
268 silly decomposeActions action count 48
269 silly decomposeActions fetch any-promise@1.3.0
270 silly decomposeActions extract any-promise@1.3.0
271 silly decomposeActions test any-promise@1.3.0
272 silly decomposeActions preinstall any-promise@1.3.0
273 silly decomposeActions build any-promise@1.3.0
274 silly decomposeActions install any-promise@1.3.0
275 silly decomposeActions postinstall any-promise@1.3.0
276 silly decomposeActions finalize any-promise@1.3.0
277 silly decomposeActions fetch isarray@0.0.1
278 silly decomposeActions extract isarray@0.0.1
279 silly decomposeActions test isarray@0.0.1
280 silly decomposeActions preinstall isarray@0.0.1
281 silly decomposeActions build isarray@0.0.1
282 silly decomposeActions install isarray@0.0.1
283 silly decomposeActions postinstall isarray@0.0.1
284 silly decomposeActions finalize isarray@0.0.1
285 silly decomposeActions fetch koa-compose@3.2.1
286 silly decomposeActions extract koa-compose@3.2.1
287 silly decomposeActions test koa-compose@3.2.1
288 silly decomposeActions preinstall koa-compose@3.2.1
289 silly decomposeActions build koa-compose@3.2.1
290 silly decomposeActions install koa-compose@3.2.1
291 silly decomposeActions postinstall koa-compose@3.2.1
292 silly decomposeActions finalize koa-compose@3.2.1
293 silly decomposeActions fetch methods@1.1.2
294 silly decomposeActions extract methods@1.1.2
295 silly decomposeActions test methods@1.1.2
296 silly decomposeActions preinstall methods@1.1.2
297 silly decomposeActions build methods@1.1.2
298 silly decomposeActions install methods@1.1.2
299 silly decomposeActions postinstall methods@1.1.2
300 silly decomposeActions finalize methods@1.1.2
301 silly decomposeActions fetch path-to-regexp@1.7.0
302 silly decomposeActions extract path-to-regexp@1.7.0
303 silly decomposeActions test path-to-regexp@1.7.0
304 silly decomposeActions preinstall path-to-regexp@1.7.0
305 silly decomposeActions build path-to-regexp@1.7.0
306 silly decomposeActions install path-to-regexp@1.7.0
307 silly decomposeActions postinstall path-to-regexp@1.7.0
308 silly decomposeActions finalize path-to-regexp@1.7.0
309 silly decomposeActions fetch koa-router@7.0.1
310 silly decomposeActions extract koa-router@7.0.1
311 silly decomposeActions test koa-router@7.0.1
312 silly decomposeActions preinstall koa-router@7.0.1
313 silly decomposeActions build koa-router@7.0.1
314 silly decomposeActions install koa-router@7.0.1
315 silly decomposeActions postinstall koa-router@7.0.1
316 silly decomposeActions finalize koa-router@7.0.1
317 silly runTopLevelLifecycles Starting
318 silly executeActions Starting
319 silly install executeActions
320 silly doSerial global-install 0
321 silly doParallel fetch 6
322 verbose correctMkdir C:\Users\hzzmy\AppData\Roaming\npm-cache\_locks correctMkdir not in flight; initializing
323 verbose lock using C:\Users\hzzmy\AppData\Roaming\npm-cache\_locks\staging-8a9f75b4b817a4dc.lock for E:\NodeDemo\04 Koa\05\node_modules\.staging
324 silly doParallel extract 6
325 silly extract any-promise@1.3.0
326 silly extract isarray@0.0.1
327 silly extract koa-compose@3.2.1
328 silly extract methods@1.1.2
329 silly extract path-to-regexp@1.7.0
330 silly extract koa-router@7.0.1
331 verbose unbuild node_modules\.staging\any-promise-a7cf5115
332 verbose unbuild node_modules\.staging\koa-compose-b54ba6d2
333 verbose unbuild node_modules\.staging\isarray-fa0cf5f7
334 silly gentlyRm E:\NodeDemo\04 Koa\05\node_modules\.staging\any-promise-a7cf5115 is being purged from base E:\NodeDemo\04 Koa\05
335 verbose gentlyRm don't care about contents; nuking E:\NodeDemo\04 Koa\05\node_modules\.staging\any-promise-a7cf5115
336 silly gentlyRm E:\NodeDemo\04 Koa\05\node_modules\.staging\koa-compose-b54ba6d2 is being purged from base E:\NodeDemo\04 Koa\05
337 verbose gentlyRm don't care about contents; nuking E:\NodeDemo\04 Koa\05\node_modules\.staging\koa-compose-b54ba6d2
338 verbose unbuild node_modules\.staging\methods-241bd19b
339 verbose unbuild node_modules\.staging\path-to-regexp-8a24fb0a
340 verbose unbuild node_modules\.staging\koa-router-cf4509ee
341 silly gentlyRm E:\NodeDemo\04 Koa\05\node_modules\.staging\isarray-fa0cf5f7 is being purged from base E:\NodeDemo\04 Koa\05
342 verbose gentlyRm don't care about contents; nuking E:\NodeDemo\04 Koa\05\node_modules\.staging\isarray-fa0cf5f7
343 verbose tar unpack C:\Users\hzzmy\AppData\Roaming\npm-cache\any-promise\1.3.0\package.tgz
344 verbose tar unpacking to E:\NodeDemo\04 Koa\05\node_modules\.staging\any-promise-a7cf5115
345 silly gentlyRm E:\NodeDemo\04 Koa\05\node_modules\.staging\any-promise-a7cf5115 is being purged
346 verbose gentlyRm don't care about contents; nuking E:\NodeDemo\04 Koa\05\node_modules\.staging\any-promise-a7cf5115
347 verbose tar unpack C:\Users\hzzmy\AppData\Roaming\npm-cache\koa-compose\3.2.1\package.tgz
348 verbose tar unpacking to E:\NodeDemo\04 Koa\05\node_modules\.staging\koa-compose-b54ba6d2
349 silly gentlyRm E:\NodeDemo\04 Koa\05\node_modules\.staging\koa-compose-b54ba6d2 is being purged
350 verbose gentlyRm don't care about contents; nuking E:\NodeDemo\04 Koa\05\node_modules\.staging\koa-compose-b54ba6d2
351 verbose tar unpack C:\Users\hzzmy\AppData\Roaming\npm-cache\isarray\0.0.1\package.tgz
352 verbose tar unpacking to E:\NodeDemo\04 Koa\05\node_modules\.staging\isarray-fa0cf5f7
353 silly gentlyRm E:\NodeDemo\04 Koa\05\node_modules\.staging\isarray-fa0cf5f7 is being purged
354 verbose gentlyRm don't care about contents; nuking E:\NodeDemo\04 Koa\05\node_modules\.staging\isarray-fa0cf5f7
355 silly gunzTarPerm modes [ '777', '666' ]
356 silly gunzTarPerm modes [ '777', '666' ]
357 silly gunzTarPerm modes [ '777', '666' ]
358 silly gentlyRm E:\NodeDemo\04 Koa\05\node_modules\.staging\methods-241bd19b is being purged from base E:\NodeDemo\04 Koa\05
359 verbose gentlyRm don't care about contents; nuking E:\NodeDemo\04 Koa\05\node_modules\.staging\methods-241bd19b
360 silly gentlyRm E:\NodeDemo\04 Koa\05\node_modules\.staging\path-to-regexp-8a24fb0a is being purged from base E:\NodeDemo\04 Koa\05
361 verbose gentlyRm don't care about contents; nuking E:\NodeDemo\04 Koa\05\node_modules\.staging\path-to-regexp-8a24fb0a
362 silly gentlyRm E:\NodeDemo\04 Koa\05\node_modules\.staging\koa-router-cf4509ee is being purged from base E:\NodeDemo\04 Koa\05
363 verbose gentlyRm don't care about contents; nuking E:\NodeDemo\04 Koa\05\node_modules\.staging\koa-router-cf4509ee
364 verbose tar unpack C:\Users\hzzmy\AppData\Roaming\npm-cache\methods\1.1.2\package.tgz
365 verbose tar unpacking to E:\NodeDemo\04 Koa\05\node_modules\.staging\methods-241bd19b
366 silly gentlyRm E:\NodeDemo\04 Koa\05\node_modules\.staging\methods-241bd19b is being purged
367 verbose gentlyRm don't care about contents; nuking E:\NodeDemo\04 Koa\05\node_modules\.staging\methods-241bd19b
368 verbose tar unpack C:\Users\hzzmy\AppData\Roaming\npm-cache\path-to-regexp\1.7.0\package.tgz
369 verbose tar unpacking to E:\NodeDemo\04 Koa\05\node_modules\.staging\path-to-regexp-8a24fb0a
370 silly gentlyRm E:\NodeDemo\04 Koa\05\node_modules\.staging\path-to-regexp-8a24fb0a is being purged
371 verbose gentlyRm don't care about contents; nuking E:\NodeDemo\04 Koa\05\node_modules\.staging\path-to-regexp-8a24fb0a
372 verbose tar unpack C:\Users\hzzmy\AppData\Roaming\npm-cache\koa-router\7.0.1\package.tgz
373 verbose tar unpacking to E:\NodeDemo\04 Koa\05\node_modules\.staging\koa-router-cf4509ee
374 silly gentlyRm E:\NodeDemo\04 Koa\05\node_modules\.staging\koa-router-cf4509ee is being purged
375 verbose gentlyRm don't care about contents; nuking E:\NodeDemo\04 Koa\05\node_modules\.staging\koa-router-cf4509ee
376 silly gunzTarPerm modes [ '777', '666' ]
377 silly gunzTarPerm modes [ '777', '666' ]
378 silly gunzTarPerm modes [ '777', '666' ]
379 silly gunzTarPerm extractEntry package.json
380 silly gunzTarPerm modified mode [ 'package.json', 436, 438 ]
381 silly gunzTarPerm extractEntry package.json
382 silly gunzTarPerm modified mode [ 'package.json', 420, 438 ]
383 silly gunzTarPerm extractEntry package.json
384 silly gunzTarPerm modified mode [ 'package.json', 420, 438 ]
385 silly gunzTarPerm extractEntry package.json
386 silly gunzTarPerm extractEntry package.json
387 silly gunzTarPerm modified mode [ 'package.json', 420, 438 ]
388 silly gunzTarPerm extractEntry package.json
389 silly gunzTarPerm modified mode [ 'package.json', 420, 438 ]
390 silly gunzTarPerm extractEntry index.js
391 silly gunzTarPerm modified mode [ 'index.js', 420, 438 ]
392 silly gunzTarPerm extractEntry Readme.md
393 silly gunzTarPerm modified mode [ 'Readme.md', 420, 438 ]
394 silly gunzTarPerm extractEntry .npmignore
395 silly gunzTarPerm modified mode [ '.npmignore', 436, 438 ]
396 silly gunzTarPerm extractEntry README.md
397 silly gunzTarPerm modified mode [ 'README.md', 436, 438 ]
398 silly gunzTarPerm extractEntry README.md
399 silly gunzTarPerm modified mode [ 'README.md', 420, 438 ]
400 silly gunzTarPerm extractEntry index.js
401 silly gunzTarPerm modified mode [ 'index.js', 420, 438 ]
402 silly gunzTarPerm extractEntry README.md
403 silly gunzTarPerm extractEntry LICENSE
404 silly gunzTarPerm extractEntry LICENSE
405 silly gunzTarPerm modified mode [ 'LICENSE', 420, 438 ]
406 silly gunzTarPerm extractEntry index.js
407 silly gunzTarPerm modified mode [ 'index.js', 420, 438 ]
408 silly gunzTarPerm extractEntry README.md
409 silly gunzTarPerm modified mode [ 'README.md', 420, 438 ]
410 silly gunzTarPerm extractEntry LICENSE
411 silly gunzTarPerm modified mode [ 'LICENSE', 420, 438 ]
412 silly gunzTarPerm extractEntry History.md
413 silly gunzTarPerm modified mode [ 'History.md', 420, 438 ]
414 silly gunzTarPerm extractEntry LICENSE
415 silly gunzTarPerm modified mode [ 'LICENSE', 436, 438 ]
416 silly gunzTarPerm extractEntry index.js
417 silly gunzTarPerm modified mode [ 'index.js', 436, 438 ]
418 silly gunzTarPerm extractEntry build/build.js
419 silly gunzTarPerm modified mode [ 'build/build.js', 420, 438 ]
420 silly gunzTarPerm extractEntry component.json
421 silly gunzTarPerm modified mode [ 'component.json', 420, 438 ]
422 silly gunzTarPerm extractEntry index.js
423 silly gunzTarPerm extractEntry HISTORY.md
424 silly gunzTarPerm extractEntry history.md
425 silly gunzTarPerm modified mode [ 'history.md', 420, 438 ]
426 silly gunzTarPerm extractEntry History.md
427 silly gunzTarPerm modified mode [ 'History.md', 420, 438 ]
428 silly gunzTarPerm extractEntry Readme.md
429 silly gunzTarPerm modified mode [ 'Readme.md', 420, 438 ]
430 silly gunzTarPerm extractEntry index.d.ts
431 silly gunzTarPerm modified mode [ 'index.d.ts', 420, 438 ]
432 silly gunzTarPerm extractEntry implementation.js
433 silly gunzTarPerm modified mode [ 'implementation.js', 436, 438 ]
434 silly gunzTarPerm extractEntry loader.js
435 silly gunzTarPerm modified mode [ 'loader.js', 436, 438 ]
436 silly gunzTarPerm extractEntry lib/layer.js
437 silly gunzTarPerm modified mode [ 'lib/layer.js', 420, 438 ]
438 silly gunzTarPerm extractEntry lib/router.js
439 silly gunzTarPerm modified mode [ 'lib/router.js', 420, 438 ]
440 silly gunzTarPerm extractEntry optional.js
441 silly gunzTarPerm modified mode [ 'optional.js', 436, 438 ]
442 silly gunzTarPerm extractEntry lib/README_tpl.hbs
443 silly gunzTarPerm modified mode [ 'lib/README_tpl.hbs', 420, 438 ]
444 silly gunzTarPerm extractEntry register-shim.js
445 silly gunzTarPerm modified mode [ 'register-shim.js', 436, 438 ]
446 silly gunzTarPerm extractEntry register.js
447 silly gunzTarPerm modified mode [ 'register.js', 436, 438 ]
448 silly gunzTarPerm extractEntry .jshintrc
449 silly gunzTarPerm modified mode [ '.jshintrc', 436, 438 ]
450 silly gunzTarPerm extractEntry implementation.d.ts
451 silly gunzTarPerm modified mode [ 'implementation.d.ts', 436, 438 ]
452 silly gentlyRm E:\NodeDemo\04 Koa\05\node_modules\.staging\koa-compose-b54ba6d2\node_modules is being purged
453 verbose gentlyRm don't care about contents; nuking E:\NodeDemo\04 Koa\05\node_modules\.staging\koa-compose-b54ba6d2\node_modules
454 silly gunzTarPerm extractEntry register/when.js
455 silly gunzTarPerm modified mode [ 'register/when.js', 436, 438 ]
456 silly gunzTarPerm extractEntry register/es6-promise.js
457 silly gunzTarPerm modified mode [ 'register/es6-promise.js', 436, 438 ]
458 silly gunzTarPerm extractEntry register/lie.js
459 silly gunzTarPerm modified mode [ 'register/lie.js', 436, 438 ]
460 silly gunzTarPerm extractEntry register/native-promise-only.js
461 silly gunzTarPerm modified mode [ 'register/native-promise-only.js', 436, 438 ]
462 silly gentlyRm E:\NodeDemo\04 Koa\05\node_modules\.staging\isarray-fa0cf5f7\node_modules is being purged
463 verbose gentlyRm don't care about contents; nuking E:\NodeDemo\04 Koa\05\node_modules\.staging\isarray-fa0cf5f7\node_modules
464 silly gentlyRm E:\NodeDemo\04 Koa\05\node_modules\.staging\methods-241bd19b\node_modules is being purged
465 verbose gentlyRm don't care about contents; nuking E:\NodeDemo\04 Koa\05\node_modules\.staging\methods-241bd19b\node_modules
466 silly gunzTarPerm extractEntry register/pinkie.js
467 silly gunzTarPerm modified mode [ 'register/pinkie.js', 436, 438 ]
468 silly gunzTarPerm extractEntry register/bluebird.js
469 silly gunzTarPerm modified mode [ 'register/bluebird.js', 436, 438 ]
470 silly gunzTarPerm extractEntry register/promise.js
471 silly gunzTarPerm modified mode [ 'register/promise.js', 436, 438 ]
472 silly gunzTarPerm extractEntry register/q.js
473 silly gunzTarPerm modified mode [ 'register/q.js', 436, 438 ]
474 silly gentlyRm E:\NodeDemo\04 Koa\05\node_modules\.staging\path-to-regexp-8a24fb0a\node_modules is being purged
475 verbose gentlyRm don't care about contents; nuking E:\NodeDemo\04 Koa\05\node_modules\.staging\path-to-regexp-8a24fb0a\node_modules
476 silly gentlyRm E:\NodeDemo\04 Koa\05\node_modules\.staging\koa-router-cf4509ee\node_modules is being purged
477 verbose gentlyRm don't care about contents; nuking E:\NodeDemo\04 Koa\05\node_modules\.staging\koa-router-cf4509ee\node_modules
478 silly gunzTarPerm extractEntry register/rsvp.js
479 silly gunzTarPerm modified mode [ 'register/rsvp.js', 436, 438 ]
480 silly gunzTarPerm extractEntry register/vow.js
481 silly gunzTarPerm modified mode [ 'register/vow.js', 436, 438 ]
482 silly gunzTarPerm extractEntry register/es6-promise.d.ts
483 silly gunzTarPerm modified mode [ 'register/es6-promise.d.ts', 436, 438 ]
484 silly gunzTarPerm extractEntry register/native-promise-only.d.ts
485 silly gunzTarPerm modified mode [ 'register/native-promise-only.d.ts', 436, 438 ]
486 silly gunzTarPerm extractEntry register/q.d.ts
487 silly gunzTarPerm modified mode [ 'register/q.d.ts', 436, 438 ]
488 silly gunzTarPerm extractEntry register/bluebird.d.ts
489 silly gunzTarPerm modified mode [ 'register/bluebird.d.ts', 436, 438 ]
490 silly gunzTarPerm extractEntry register/rsvp.d.ts
491 silly gunzTarPerm modified mode [ 'register/rsvp.d.ts', 436, 438 ]
492 silly gunzTarPerm extractEntry register/pinkie.d.ts
493 silly gunzTarPerm modified mode [ 'register/pinkie.d.ts', 436, 438 ]
494 silly gunzTarPerm extractEntry register/vow.d.ts
495 silly gunzTarPerm modified mode [ 'register/vow.d.ts', 436, 438 ]
496 silly gunzTarPerm extractEntry register/lie.d.ts
497 silly gunzTarPerm modified mode [ 'register/lie.d.ts', 436, 438 ]
498 silly gunzTarPerm extractEntry register/when.d.ts
499 silly gunzTarPerm modified mode [ 'register/when.d.ts', 436, 438 ]
500 silly gunzTarPerm extractEntry register/promise.d.ts
501 silly gunzTarPerm modified mode [ 'register/promise.d.ts', 436, 438 ]
502 silly gunzTarPerm extractEntry register.d.ts
503 silly gunzTarPerm modified mode [ 'register.d.ts', 436, 438 ]
504 silly gunzTarPerm extractEntry index.d.ts
505 silly gunzTarPerm modified mode [ 'index.d.ts', 436, 438 ]
506 silly gentlyRm E:\NodeDemo\04 Koa\05\node_modules\.staging\any-promise-a7cf5115\node_modules is being purged
507 verbose gentlyRm don't care about contents; nuking E:\NodeDemo\04 Koa\05\node_modules\.staging\any-promise-a7cf5115\node_modules
508 silly doParallel preinstall 6
509 silly preinstall any-promise@1.3.0 E:\NodeDemo\04 Koa\05\node_modules\.staging\any-promise-a7cf5115
510 info lifecycle any-promise@1.3.0~preinstall: any-promise@1.3.0
511 silly preinstall isarray@0.0.1 E:\NodeDemo\04 Koa\05\node_modules\.staging\isarray-fa0cf5f7
512 info lifecycle isarray@0.0.1~preinstall: isarray@0.0.1
513 silly preinstall koa-compose@3.2.1 E:\NodeDemo\04 Koa\05\node_modules\.staging\koa-compose-b54ba6d2
514 info lifecycle koa-compose@3.2.1~preinstall: koa-compose@3.2.1
515 silly preinstall methods@1.1.2 E:\NodeDemo\04 Koa\05\node_modules\.staging\methods-241bd19b
516 info lifecycle methods@1.1.2~preinstall: methods@1.1.2
517 silly preinstall path-to-regexp@1.7.0 E:\NodeDemo\04 Koa\05\node_modules\.staging\path-to-regexp-8a24fb0a
518 info lifecycle path-to-regexp@1.7.0~preinstall: path-to-regexp@1.7.0
519 silly preinstall koa-router@7.0.1 E:\NodeDemo\04 Koa\05\node_modules\.staging\koa-router-cf4509ee
520 info lifecycle koa-router@7.0.1~preinstall: koa-router@7.0.1
521 silly lifecycle any-promise@1.3.0~preinstall: no script for preinstall, continuing
522 silly lifecycle isarray@0.0.1~preinstall: no script for preinstall, continuing
523 silly lifecycle koa-compose@3.2.1~preinstall: no script for preinstall, continuing
524 silly lifecycle methods@1.1.2~preinstall: no script for preinstall, continuing
525 silly lifecycle path-to-regexp@1.7.0~preinstall: no script for preinstall, continuing
526 silly lifecycle koa-router@7.0.1~preinstall: no script for preinstall, continuing
527 silly doReverseSerial remove 0
528 silly doSerial move 0
529 silly doSerial finalize 6
530 silly finalize E:\NodeDemo\04 Koa\05\node_modules\koa-router\node_modules\any-promise
531 verbose unlock done using C:\Users\hzzmy\AppData\Roaming\npm-cache\_locks\staging-8a9f75b4b817a4dc.lock for E:\NodeDemo\04 Koa\05\node_modules\.staging
532 silly rollbackFailedOptional Starting
533 silly rollbackFailedOptional Finishing
534 silly runTopLevelLifecycles Finishing
535 silly install printInstalled
536 warn enoent ENOENT: no such file or directory, stat 'E:\NodeDemo\04 Koa\05\node_modules\any-promise'
537 verbose enoent ENOENT: no such file or directory, stat 'E:\NodeDemo\04 Koa\05\node_modules\any-promise'
537 verbose enoent This is most likely not a problem with npm itself
537 verbose enoent and is related to npm not being able to find a file.
538 warn enoent ENOENT: no such file or directory, stat 'E:\NodeDemo\04 Koa\05\node_modules\koa-compose'
539 verbose enoent ENOENT: no such file or directory, stat 'E:\NodeDemo\04 Koa\05\node_modules\koa-compose'
539 verbose enoent This is most likely not a problem with npm itself
539 verbose enoent and is related to npm not being able to find a file.
540 warn enoent ENOENT: no such file or directory, stat 'E:\NodeDemo\04 Koa\05\node_modules\koa-route'
541 verbose enoent ENOENT: no such file or directory, stat 'E:\NodeDemo\04 Koa\05\node_modules\koa-route'
541 verbose enoent This is most likely not a problem with npm itself
541 verbose enoent and is related to npm not being able to find a file.
542 warn enoent ENOENT: no such file or directory, stat 'E:\NodeDemo\04 Koa\05\node_modules\methods'
543 verbose enoent ENOENT: no such file or directory, stat 'E:\NodeDemo\04 Koa\05\node_modules\methods'
543 verbose enoent This is most likely not a problem with npm itself
543 verbose enoent and is related to npm not being able to find a file.
544 warn enoent ENOENT: no such file or directory, stat 'E:\NodeDemo\04 Koa\05\node_modules\path-to-regexp'
545 verbose enoent ENOENT: no such file or directory, stat 'E:\NodeDemo\04 Koa\05\node_modules\path-to-regexp'
545 verbose enoent This is most likely not a problem with npm itself
545 verbose enoent and is related to npm not being able to find a file.
546 warn enoent ENOENT: no such file or directory, stat 'E:\NodeDemo\04 Koa\05\node_modules\isarray'
547 verbose enoent ENOENT: no such file or directory, stat 'E:\NodeDemo\04 Koa\05\node_modules\isarray'
547 verbose enoent This is most likely not a problem with npm itself
547 verbose enoent and is related to npm not being able to find a file.
548 warn 05@1.0.0 No description
549 verbose If you need help, you may report this error at:
549 verbose     <https://github.com/npm/npm/issues>
550 warn 05@1.0.0 No repository field.
551 verbose If you need help, you may report this error at:
551 verbose     <https://github.com/npm/npm/issues>
552 verbose stack Error: EEXIST: file already exists, mkdir 'E:\NodeDemo\04 Koa\05\node_modules\koa-router'
552 verbose stack     at Error (native)
553 verbose cwd E:\NodeDemo\04 Koa\05
554 error Windows_NT 10.0.10240
555 error argv "D:\\Node\\node.exe" "D:\\Node\\node_modules\\npm\\bin\\npm-cli.js" "i" "-S" "koa-router@next"
556 error node v6.9.1
557 error npm  v3.10.8
558 error path E:\NodeDemo\04 Koa\05\node_modules\koa-router
559 error code EEXIST
560 error errno -4075
561 error syscall mkdir
562 error EEXIST: file already exists, mkdir 'E:\NodeDemo\04 Koa\05\node_modules\koa-router'
563 error File exists: E:\NodeDemo\04 Koa\05\node_modules\koa-router
564 error Move it away, and try again.
565 verbose exit [ -4075, true ]
